mode: atomic
vtrpg/cmd/server/main.go:9.13,12.16 3 0
vtrpg/cmd/server/main.go:12.16,14.3 1 0
vtrpg/cmd/server/main.go:16.2,16.34 1 0
vtrpg/cmd/server/main.go:16.34,18.3 1 0
vtrpg/internal/server/config.go:32.26,44.58 2 20
vtrpg/internal/server/config.go:44.58,45.70 1 0
vtrpg/internal/server/config.go:45.70,47.4 1 0
vtrpg/internal/server/config.go:50.2,50.71 1 20
vtrpg/internal/server/config.go:50.71,51.62 1 0
vtrpg/internal/server/config.go:51.62,53.4 1 0
vtrpg/internal/server/config.go:56.2,56.12 1 20
vtrpg/internal/server/config.go:59.42,60.38 1 100
vtrpg/internal/server/config.go:60.38,62.3 1 0
vtrpg/internal/server/config.go:63.2,63.17 1 100
vtrpg/internal/server/config.go:66.47,69.31 3 20
vtrpg/internal/server/config.go:69.31,71.20 2 20
vtrpg/internal/server/config.go:71.20,73.4 1 20
vtrpg/internal/server/config.go:75.2,75.23 1 20
vtrpg/internal/server/config.go:75.23,77.3 1 0
vtrpg/internal/server/config.go:78.2,78.16 1 20
vtrpg/internal/server/cors.go:8.59,9.71 1 19
vtrpg/internal/server/cors.go:9.71,13.42 3 69
vtrpg/internal/server/cors.go:13.42,15.28 2 0
vtrpg/internal/server/cors.go:15.28,18.5 2 0
vtrpg/internal/server/cors.go:19.4,20.80 2 0
vtrpg/internal/server/cors.go:23.3,23.37 1 69
vtrpg/internal/server/cors.go:23.37,26.4 2 0
vtrpg/internal/server/cors.go:28.3,28.23 1 69
vtrpg/internal/server/cors.go:32.52,33.18 1 73
vtrpg/internal/server/cors.go:33.18,34.24 1 73
vtrpg/internal/server/cors.go:34.24,36.4 1 73
vtrpg/internal/server/cors.go:37.3,37.12 1 0
vtrpg/internal/server/cors.go:40.2,40.43 1 0
vtrpg/internal/server/cors.go:40.43,41.41 1 0
vtrpg/internal/server/cors.go:41.41,43.4 1 0
vtrpg/internal/server/cors.go:46.2,46.23 1 0
vtrpg/internal/server/cors.go:46.23,48.3 1 0
vtrpg/internal/server/cors.go:50.2,50.11 1 0
vtrpg/internal/server/server.go:45.39,48.49 2 20
vtrpg/internal/server/server.go:48.49,50.3 1 0
vtrpg/internal/server/server.go:52.2,53.16 2 20
vtrpg/internal/server/server.go:53.16,55.3 1 0
vtrpg/internal/server/server.go:57.2,66.44 2 20
vtrpg/internal/server/server.go:66.44,67.20 1 20
vtrpg/internal/server/server.go:67.20,69.4 1 20
vtrpg/internal/server/server.go:72.2,73.17 2 20
vtrpg/internal/server/server.go:77.30,82.2 4 0
vtrpg/internal/server/server.go:85.40,87.2 1 19
vtrpg/internal/server/server.go:89.27,102.2 12 20
vtrpg/internal/server/server.go:104.76,105.28 1 0
vtrpg/internal/server/server.go:105.28,108.3 2 0
vtrpg/internal/server/server.go:110.2,111.59 2 0
vtrpg/internal/server/server.go:111.59,115.3 3 0
vtrpg/internal/server/server.go:117.2,118.31 2 0
vtrpg/internal/server/server.go:118.31,122.3 3 0
vtrpg/internal/server/server.go:124.2,124.13 1 0
vtrpg/internal/server/server.go:127.68,128.71 1 19
vtrpg/internal/server/server.go:128.71,133.3 4 69
vtrpg/internal/server/server.go:136.35,137.16 1 40
vtrpg/internal/server/server.go:137.16,139.3 1 0
vtrpg/internal/server/server.go:140.2,140.49 1 40
vtrpg/internal/server/server.go:140.49,142.3 1 0
vtrpg/internal/server/server.go:143.2,143.12 1 40
vtrpg/internal/server/server.go:151.51,154.2 2 65
vtrpg/internal/server/server.go:157.73,158.52 1 3
vtrpg/internal/server/server.go:158.52,160.3 1 1
vtrpg/internal/server/server.go:161.2,161.53 1 2
vtrpg/internal/server/server.go:164.44,168.71 3 21
vtrpg/internal/server/server.go:168.71,170.21 2 1
vtrpg/internal/server/server.go:170.21,173.4 2 0
vtrpg/internal/server/server.go:175.3,177.67 3 1
vtrpg/internal/server/server.go:177.67,180.4 2 0
vtrpg/internal/server/server.go:182.3,183.29 2 1
vtrpg/internal/server/server.go:187.71,191.2 3 0
vtrpg/internal/server/server.go:218.70,219.18 1 28
vtrpg/internal/server/server.go:220.23,225.66 2 26
vtrpg/internal/server/server.go:225.66,228.4 2 0
vtrpg/internal/server/server.go:229.3,230.17 2 26
vtrpg/internal/server/server.go:230.17,232.4 1 0
vtrpg/internal/server/server.go:233.3,234.22 2 26
vtrpg/internal/server/server.go:234.22,237.4 2 0
vtrpg/internal/server/server.go:238.3,238.30 1 26
vtrpg/internal/server/server.go:238.30,241.4 2 3
vtrpg/internal/server/server.go:242.3,243.17 2 23
vtrpg/internal/server/server.go:243.17,247.4 3 0
vtrpg/internal/server/server.go:248.3,248.41 1 23
vtrpg/internal/server/server.go:249.22,251.17 2 2
vtrpg/internal/server/server.go:251.17,255.4 3 0
vtrpg/internal/server/server.go:256.3,256.37 1 2
vtrpg/internal/server/server.go:257.10,258.45 1 0
vtrpg/internal/server/server.go:262.75,263.27 1 0
vtrpg/internal/server/server.go:263.27,265.3 1 0
vtrpg/internal/server/server.go:267.2,267.32 1 0
vtrpg/internal/server/server.go:267.32,270.3 2 0
vtrpg/internal/server/server.go:272.2,273.16 2 0
vtrpg/internal/server/server.go:273.16,277.3 3 0
vtrpg/internal/server/server.go:278.2,278.36 1 0
vtrpg/internal/server/server.go:281.74,282.27 1 0
vtrpg/internal/server/server.go:282.27,284.3 1 0
vtrpg/internal/server/server.go:286.2,287.22 2 0
vtrpg/internal/server/server.go:287.22,290.3 2 0
vtrpg/internal/server/server.go:292.2,293.16 2 0
vtrpg/internal/server/server.go:293.16,297.3 3 0
vtrpg/internal/server/server.go:298.2,298.9 1 0
vtrpg/internal/server/server.go:298.9,301.3 2 0
vtrpg/internal/server/server.go:303.2,303.18 1 0
vtrpg/internal/server/server.go:304.25,306.17 2 0
vtrpg/internal/server/server.go:306.17,310.4 3 0
vtrpg/internal/server/server.go:311.3,311.15 1 0
vtrpg/internal/server/server.go:311.15,314.4 2 0
vtrpg/internal/server/server.go:315.3,315.70 1 0
vtrpg/internal/server/server.go:316.10,317.45 1 0
vtrpg/internal/server/server.go:321.75,322.32 1 4
vtrpg/internal/server/server.go:322.32,325.3 2 0
vtrpg/internal/server/server.go:327.2,328.16 2 4
vtrpg/internal/server/server.go:328.16,331.3 2 1
vtrpg/internal/server/server.go:333.2,334.16 2 3
vtrpg/internal/server/server.go:334.16,338.3 3 0
vtrpg/internal/server/server.go:339.2,339.9 1 3
vtrpg/internal/server/server.go:339.9,342.3 2 0
vtrpg/internal/server/server.go:344.2,344.35 1 3
vtrpg/internal/server/server.go:347.73,348.33 1 20
vtrpg/internal/server/server.go:348.33,351.3 2 0
vtrpg/internal/server/server.go:353.2,358.65 2 20
vtrpg/internal/server/server.go:358.65,361.3 2 0
vtrpg/internal/server/server.go:362.2,365.16 4 20
vtrpg/internal/server/server.go:365.16,367.3 1 16
vtrpg/internal/server/server.go:369.2,369.16 1 20
vtrpg/internal/server/server.go:369.16,372.3 2 1
vtrpg/internal/server/server.go:374.2,374.24 1 19
vtrpg/internal/server/server.go:374.24,377.3 2 1
vtrpg/internal/server/server.go:379.2,380.16 2 18
vtrpg/internal/server/server.go:380.16,384.3 3 0
vtrpg/internal/server/server.go:385.2,385.9 1 18
vtrpg/internal/server/server.go:385.9,388.3 2 1
vtrpg/internal/server/server.go:393.2,395.59 3 17
vtrpg/internal/server/server.go:395.59,398.3 2 1
vtrpg/internal/server/server.go:399.2,399.58 1 16
vtrpg/internal/server/server.go:399.58,402.3 2 0
vtrpg/internal/server/server.go:404.2,405.33 2 16
vtrpg/internal/server/server.go:405.33,408.3 2 2
vtrpg/internal/server/server.go:409.2,409.34 1 14
vtrpg/internal/server/server.go:409.34,412.3 2 2
vtrpg/internal/server/server.go:413.2,413.16 1 12
vtrpg/internal/server/server.go:413.16,417.3 3 0
vtrpg/internal/server/server.go:419.2,423.4 1 12
vtrpg/internal/server/server.go:426.69,429.38 3 12
vtrpg/internal/server/server.go:429.38,430.64 1 0
vtrpg/internal/server/server.go:430.64,433.4 2 0
vtrpg/internal/server/server.go:434.3,435.9 2 0
vtrpg/internal/server/server.go:437.2,438.16 2 12
vtrpg/internal/server/server.go:438.16,442.3 3 0
vtrpg/internal/server/server.go:443.2,443.9 1 12
vtrpg/internal/server/server.go:443.9,447.85 2 3
vtrpg/internal/server/server.go:447.85,450.45 2 2
vtrpg/internal/server/server.go:450.45,453.5 2 1
vtrpg/internal/server/server.go:455.3,456.9 2 2
vtrpg/internal/server/server.go:460.2,460.21 1 9
vtrpg/internal/server/server.go:460.21,461.33 1 3
vtrpg/internal/server/server.go:461.33,464.4 2 1
vtrpg/internal/server/server.go:467.3,471.57 4 2
vtrpg/internal/server/server.go:471.57,474.4 2 0
vtrpg/internal/server/server.go:476.3,477.17 2 2
vtrpg/internal/server/server.go:477.17,478.28 1 0
vtrpg/internal/server/server.go:478.28,481.5 2 0
vtrpg/internal/server/server.go:482.4,484.10 3 0
vtrpg/internal/server/server.go:486.3,487.9 2 2
vtrpg/internal/server/server.go:490.2,490.20 1 6
vtrpg/internal/server/server.go:490.20,493.3 2 0
vtrpg/internal/server/server.go:495.2,495.18 1 6
vtrpg/internal/server/server.go:496.12,497.22 1 0
vtrpg/internal/server/server.go:497.22,500.4 2 0
vtrpg/internal/server/server.go:501.3,502.9 2 0
vtrpg/internal/server/server.go:503.16,503.16 0 5
vtrpg/internal/server/server.go:505.14,505.14 0 1
vtrpg/internal/server/server.go:507.10,509.9 2 0
vtrpg/internal/server/server.go:512.2,512.21 1 6
vtrpg/internal/server/server.go:512.21,513.19 1 6
vtrpg/internal/server/server.go:514.23,515.26 1 3
vtrpg/internal/server/server.go:515.26,517.19 2 1
vtrpg/internal/server/server.go:517.19,521.6 3 0
vtrpg/internal/server/server.go:522.5,523.11 2 1
vtrpg/internal/server/server.go:525.4,525.28 1 2
vtrpg/internal/server/server.go:525.28,527.19 2 2
vtrpg/internal/server/server.go:527.19,531.6 3 0
vtrpg/internal/server/server.go:532.5,533.11 2 2
vtrpg/internal/server/server.go:535.4,536.10 2 0
vtrpg/internal/server/server.go:537.24,538.26 1 3
vtrpg/internal/server/server.go:538.26,541.5 2 0
vtrpg/internal/server/server.go:542.4,542.28 1 3
vtrpg/internal/server/server.go:542.28,545.5 2 3
vtrpg/internal/server/server.go:546.4,547.10 2 0
vtrpg/internal/server/server.go:548.11,550.10 2 0
vtrpg/internal/server/server.go:554.2,554.21 1 0
vtrpg/internal/server/server.go:554.21,556.19 2 0
vtrpg/internal/server/server.go:557.26,559.10 2 0
vtrpg/internal/server/server.go:560.25,562.10 2 0
vtrpg/internal/server/server.go:563.11,565.10 2 0
vtrpg/internal/server/server.go:569.2,569.21 1 0
vtrpg/internal/server/server.go:572.86,573.32 1 0
vtrpg/internal/server/server.go:573.32,576.3 2 0
vtrpg/internal/server/server.go:578.2,578.78 1 0
vtrpg/internal/server/server.go:581.91,583.56 2 3
vtrpg/internal/server/server.go:583.56,587.87 2 1
vtrpg/internal/server/server.go:587.87,590.4 2 0
vtrpg/internal/server/server.go:591.3,592.17 2 1
vtrpg/internal/server/server.go:592.17,596.4 3 0
vtrpg/internal/server/server.go:597.3,607.17 3 1
vtrpg/internal/server/server.go:607.17,611.4 3 0
vtrpg/internal/server/server.go:612.3,614.9 3 1
vtrpg/internal/server/server.go:617.2,617.66 1 2
vtrpg/internal/server/server.go:617.66,620.3 2 0
vtrpg/internal/server/server.go:621.2,622.21 2 2
vtrpg/internal/server/server.go:622.21,625.3 2 1
vtrpg/internal/server/server.go:627.2,628.27 2 1
vtrpg/internal/server/server.go:628.27,630.17 2 1
vtrpg/internal/server/server.go:630.17,633.4 2 0
vtrpg/internal/server/server.go:635.3,639.17 5 1
vtrpg/internal/server/server.go:639.17,643.4 3 0
vtrpg/internal/server/server.go:645.3,645.47 1 1
vtrpg/internal/server/server.go:645.47,650.4 4 0
vtrpg/internal/server/server.go:651.3,656.17 5 1
vtrpg/internal/server/server.go:656.17,659.4 2 0
vtrpg/internal/server/server.go:660.3,670.17 3 1
vtrpg/internal/server/server.go:670.17,673.4 2 0
vtrpg/internal/server/server.go:674.3,675.41 2 1
vtrpg/internal/server/server.go:678.2,678.24 1 1
vtrpg/internal/server/server.go:678.24,681.3 2 1
vtrpg/internal/server/server.go:682.2,682.44 1 0
vtrpg/internal/server/server.go:685.100,687.16 2 0
vtrpg/internal/server/server.go:687.16,691.3 3 0
vtrpg/internal/server/server.go:692.2,692.9 1 0
vtrpg/internal/server/server.go:692.9,695.3 2 0
vtrpg/internal/server/server.go:696.2,696.45 1 0
vtrpg/internal/server/server.go:696.45,699.3 2 0
vtrpg/internal/server/server.go:700.2,701.69 2 0
vtrpg/internal/server/server.go:704.100,709.65 2 0
vtrpg/internal/server/server.go:709.65,712.3 2 0
vtrpg/internal/server/server.go:713.2,713.42 1 0
vtrpg/internal/server/server.go:713.42,716.3 2 0
vtrpg/internal/server/server.go:717.2,718.16 2 0
vtrpg/internal/server/server.go:718.16,722.3 3 0
vtrpg/internal/server/server.go:723.2,723.9 1 0
vtrpg/internal/server/server.go:723.9,726.3 2 0
vtrpg/internal/server/server.go:727.2,728.34 2 0
vtrpg/internal/server/server.go:731.93,732.33 1 0
vtrpg/internal/server/server.go:732.33,735.3 2 0
vtrpg/internal/server/server.go:737.2,744.65 2 0
vtrpg/internal/server/server.go:744.65,747.3 2 0
vtrpg/internal/server/server.go:748.2,748.53 1 0
vtrpg/internal/server/server.go:748.53,751.3 2 0
vtrpg/internal/server/server.go:753.2,754.30 2 0
vtrpg/internal/server/server.go:754.30,756.3 1 0
vtrpg/internal/server/server.go:758.2,767.16 3 0
vtrpg/internal/server/server.go:767.16,771.3 3 0
vtrpg/internal/server/server.go:772.2,773.37 2 0
vtrpg/internal/server/server.go:776.68,778.16 2 2
vtrpg/internal/server/server.go:778.16,780.3 1 0
vtrpg/internal/server/server.go:781.2,784.18 3 2
vtrpg/internal/server/server.go:784.18,786.112 2 1
vtrpg/internal/server/server.go:786.112,788.4 1 0
vtrpg/internal/server/server.go:789.3,790.31 2 1
vtrpg/internal/server/server.go:792.2,792.35 1 2
vtrpg/internal/server/server.go:792.35,794.3 1 0
vtrpg/internal/server/server.go:795.2,795.20 1 2
vtrpg/internal/server/server.go:798.69,800.16 2 1
vtrpg/internal/server/server.go:800.16,802.3 1 0
vtrpg/internal/server/server.go:803.2,806.18 3 1
vtrpg/internal/server/server.go:806.18,809.136 3 0
vtrpg/internal/server/server.go:809.136,811.4 1 0
vtrpg/internal/server/server.go:812.3,813.73 2 0
vtrpg/internal/server/server.go:813.73,815.4 1 0
vtrpg/internal/server/server.go:816.3,816.29 1 0
vtrpg/internal/server/server.go:818.2,818.35 1 1
vtrpg/internal/server/server.go:818.35,820.3 1 0
vtrpg/internal/server/server.go:821.2,821.18 1 1
vtrpg/internal/server/server.go:824.86,826.22 2 2
vtrpg/internal/server/server.go:826.22,828.3 1 0
vtrpg/internal/server/server.go:829.2,829.28 1 2
vtrpg/internal/server/server.go:829.28,831.3 1 0
vtrpg/internal/server/server.go:832.2,836.17 2 2
vtrpg/internal/server/server.go:839.88,840.29 1 0
vtrpg/internal/server/server.go:840.29,842.3 1 0
vtrpg/internal/server/server.go:843.2,846.16 4 0
vtrpg/internal/server/server.go:846.16,848.3 1 0
vtrpg/internal/server/server.go:850.2,856.9 4 0
vtrpg/internal/server/server.go:857.18,858.84 1 0
vtrpg/internal/server/server.go:858.84,860.4 1 0
vtrpg/internal/server/server.go:861.3,862.23 2 0
vtrpg/internal/server/server.go:863.38,864.29 1 0
vtrpg/internal/server/server.go:867.2,871.16 2 0
vtrpg/internal/server/server.go:871.16,873.3 1 0
vtrpg/internal/server/server.go:876.2,881.16 1 0
vtrpg/internal/server/server.go:881.16,883.3 1 0
vtrpg/internal/server/server.go:885.2,885.19 1 0
vtrpg/internal/server/server.go:888.72,890.108 2 2
vtrpg/internal/server/server.go:890.108,892.3 1 0
vtrpg/internal/server/server.go:893.2,895.25 3 2
vtrpg/internal/server/server.go:898.49,903.2 4 2
vtrpg/internal/server/server.go:905.83,911.35 3 0
vtrpg/internal/server/server.go:911.35,913.3 1 0
vtrpg/internal/server/server.go:914.2,914.16 1 0
vtrpg/internal/server/server.go:914.16,916.3 1 0
vtrpg/internal/server/server.go:917.2,917.105 1 0
vtrpg/internal/server/server.go:917.105,919.3 1 0
vtrpg/internal/server/server.go:920.2,920.23 1 0
vtrpg/internal/server/server.go:923.98,929.35 3 0
vtrpg/internal/server/server.go:929.35,931.3 1 0
vtrpg/internal/server/server.go:932.2,932.16 1 0
vtrpg/internal/server/server.go:932.16,934.3 1 0
vtrpg/internal/server/server.go:935.2,935.14 1 0
vtrpg/internal/server/server.go:935.14,937.3 1 0
vtrpg/internal/server/server.go:938.2,938.14 1 0
vtrpg/internal/server/server.go:938.14,940.3 1 0
vtrpg/internal/server/server.go:941.2,941.131 1 0
vtrpg/internal/server/server.go:941.131,943.3 1 0
vtrpg/internal/server/server.go:944.2,944.23 1 0
vtrpg/internal/server/server.go:947.67,949.21 2 24
vtrpg/internal/server/server.go:949.21,951.3 1 0
vtrpg/internal/server/server.go:953.2,954.43 2 24
vtrpg/internal/server/server.go:954.43,956.17 2 24
vtrpg/internal/server/server.go:956.17,958.4 1 0
vtrpg/internal/server/server.go:959.3,970.17 3 24
vtrpg/internal/server/server.go:970.17,972.4 1 0
vtrpg/internal/server/server.go:973.3,973.49 1 24
vtrpg/internal/server/server.go:973.49,974.72 1 24
vtrpg/internal/server/server.go:974.72,976.5 1 0
vtrpg/internal/server/server.go:977.4,977.20 1 24
vtrpg/internal/server/server.go:981.2,981.66 1 0
vtrpg/internal/server/server.go:984.46,986.16 2 2
vtrpg/internal/server/server.go:986.16,988.3 1 0
vtrpg/internal/server/server.go:989.2,992.18 3 2
vtrpg/internal/server/server.go:992.18,994.103 2 1
vtrpg/internal/server/server.go:994.103,996.4 1 0
vtrpg/internal/server/server.go:997.3,998.30 2 1
vtrpg/internal/server/server.go:1000.2,1000.35 1 2
vtrpg/internal/server/server.go:1000.35,1002.3 1 0
vtrpg/internal/server/server.go:1003.2,1003.19 1 2
vtrpg/internal/server/server.go:1006.79,1012.2 2 27
vtrpg/internal/server/server.go:1014.69,1015.58 1 1
vtrpg/internal/server/server.go:1015.58,1017.3 1 0
vtrpg/internal/server/server.go:1018.2,1022.12 2 1
vtrpg/internal/server/server.go:1025.71,1026.58 1 1
vtrpg/internal/server/server.go:1026.58,1028.3 1 1
vtrpg/internal/server/server.go:1030.2,1033.49 3 0
vtrpg/internal/server/server.go:1033.49,1035.3 1 0
vtrpg/internal/server/server.go:1037.2,1037.23 1 0
vtrpg/internal/server/server.go:1037.23,1039.18 2 0
vtrpg/internal/server/server.go:1039.18,1041.4 1 0
vtrpg/internal/server/server.go:1042.3,1042.43 1 0
vtrpg/internal/server/server.go:1045.2,1049.12 2 0
vtrpg/internal/server/server.go:1052.71,1054.16 2 0
vtrpg/internal/server/server.go:1054.16,1056.3 1 0
vtrpg/internal/server/server.go:1057.2,1060.18 3 0
vtrpg/internal/server/server.go:1060.18,1065.84 5 0
vtrpg/internal/server/server.go:1065.84,1067.4 1 0
vtrpg/internal/server/server.go:1069.3,1070.21 2 0
vtrpg/internal/server/server.go:1070.21,1073.4 2 0
vtrpg/internal/server/server.go:1074.3,1074.24 1 0
vtrpg/internal/server/server.go:1074.24,1077.4 2 0
vtrpg/internal/server/server.go:1078.3,1078.32 1 0
vtrpg/internal/server/server.go:1080.2,1080.35 1 0
vtrpg/internal/server/server.go:1080.35,1082.3 1 0
vtrpg/internal/server/server.go:1083.2,1083.24 1 0
vtrpg/internal/server/server.go:1086.86,1092.39 5 0
vtrpg/internal/server/server.go:1092.39,1094.33 2 0
vtrpg/internal/server/server.go:1094.33,1096.4 1 0
vtrpg/internal/server/server.go:1097.3,1097.33 1 0
vtrpg/internal/server/server.go:1099.2,1099.32 1 0
vtrpg/internal/server/server.go:1099.32,1101.3 1 0
vtrpg/internal/server/server.go:1102.2,1102.30 1 0
vtrpg/internal/server/server.go:1105.71,1107.16 2 0
vtrpg/internal/server/server.go:1107.16,1109.3 1 0
vtrpg/internal/server/server.go:1110.2,1113.18 3 0
vtrpg/internal/server/server.go:1113.18,1115.41 2 0
vtrpg/internal/server/server.go:1115.41,1117.4 1 0
vtrpg/internal/server/server.go:1118.3,1118.42 1 0
vtrpg/internal/server/server.go:1118.42,1122.18 4 0
vtrpg/internal/server/server.go:1122.18,1123.27 1 0
vtrpg/internal/server/server.go:1123.27,1124.14 1 0
vtrpg/internal/server/server.go:1126.5,1126.18 1 0
vtrpg/internal/server/server.go:1128.4,1128.21 1 0
vtrpg/internal/server/server.go:1128.21,1130.5 1 0
vtrpg/internal/server/server.go:1133.2,1133.35 1 0
vtrpg/internal/server/server.go:1133.35,1135.3 1 0
vtrpg/internal/server/server.go:1136.2,1136.19 1 0
vtrpg/internal/server/server.go:1139.63,1141.16 2 0
vtrpg/internal/server/server.go:1141.16,1143.3 1 0
vtrpg/internal/server/server.go:1145.2,1146.16 2 0
vtrpg/internal/server/server.go:1146.16,1148.3 1 0
vtrpg/internal/server/server.go:1149.2,1153.29 4 0
vtrpg/internal/server/server.go:1153.29,1156.22 3 0
vtrpg/internal/server/server.go:1156.22,1158.4 1 0
vtrpg/internal/server/server.go:1159.3,1163.13 5 0
vtrpg/internal/server/server.go:1163.13,1166.26 3 0
vtrpg/internal/server/server.go:1166.26,1168.5 1 0
vtrpg/internal/server/server.go:1171.3,1172.17 2 0
vtrpg/internal/server/server.go:1172.17,1174.4 1 0
vtrpg/internal/server/server.go:1176.3,1189.5 1 0
vtrpg/internal/server/server.go:1192.2,1192.50 1 0
vtrpg/internal/server/server.go:1192.50,1193.49 1 0
vtrpg/internal/server/server.go:1193.49,1195.38 2 0
vtrpg/internal/server/server.go:1195.38,1197.5 1 0
vtrpg/internal/server/server.go:1198.4,1199.38 2 0
vtrpg/internal/server/server.go:1199.38,1201.5 1 0
vtrpg/internal/server/server.go:1202.4,1202.26 1 0
vtrpg/internal/server/server.go:1202.26,1204.5 1 0
vtrpg/internal/server/server.go:1205.4,1205.63 1 0
vtrpg/internal/server/server.go:1207.3,1207.29 1 0
vtrpg/internal/server/server.go:1210.2,1210.23 1 0
vtrpg/internal/server/server.go:1213.65,1217.35 3 21
vtrpg/internal/server/server.go:1217.35,1219.3 1 1
vtrpg/internal/server/server.go:1220.2,1220.16 1 20
vtrpg/internal/server/server.go:1220.16,1222.3 1 0
vtrpg/internal/server/server.go:1223.2,1224.24 2 20
vtrpg/internal/server/server.go:1227.59,1231.16 3 4
vtrpg/internal/server/server.go:1231.16,1233.3 1 0
vtrpg/internal/server/server.go:1234.2,1235.18 2 4
vtrpg/internal/server/server.go:1238.73,1241.16 3 17
vtrpg/internal/server/server.go:1241.16,1243.3 1 8
vtrpg/internal/server/server.go:1244.2,1244.50 1 9
vtrpg/internal/server/server.go:1244.50,1246.3 1 0
vtrpg/internal/server/server.go:1247.2,1248.35 2 9
vtrpg/internal/server/server.go:1248.35,1250.3 1 4
vtrpg/internal/server/server.go:1251.2,1251.16 1 5
vtrpg/internal/server/server.go:1251.16,1253.3 1 0
vtrpg/internal/server/server.go:1254.2,1254.22 1 5
vtrpg/internal/server/server.go:1257.58,1260.16 3 0
vtrpg/internal/server/server.go:1260.16,1262.3 1 0
vtrpg/internal/server/server.go:1263.2,1264.18 2 0
vtrpg/internal/server/server.go:1264.18,1266.41 2 0
vtrpg/internal/server/server.go:1266.41,1268.4 1 0
vtrpg/internal/server/server.go:1269.3,1269.27 1 0
vtrpg/internal/server/server.go:1271.2,1271.35 1 0
vtrpg/internal/server/server.go:1271.35,1273.3 1 0
vtrpg/internal/server/server.go:1275.2,1276.16 2 0
vtrpg/internal/server/server.go:1276.16,1278.3 1 0
vtrpg/internal/server/server.go:1279.2,1280.16 2 0
vtrpg/internal/server/server.go:1280.16,1283.3 2 0
vtrpg/internal/server/server.go:1284.2,1285.16 2 0
vtrpg/internal/server/server.go:1285.16,1288.3 2 0
vtrpg/internal/server/server.go:1289.2,1289.19 1 0
vtrpg/internal/server/server.go:1289.19,1292.3 2 0
vtrpg/internal/server/server.go:1293.2,1293.36 1 0
vtrpg/internal/server/server.go:1293.36,1295.3 1 0
vtrpg/internal/server/server.go:1297.2,1299.27 2 0
vtrpg/internal/server/server.go:1299.27,1300.42 1 0
vtrpg/internal/server/server.go:1300.42,1303.4 2 0
vtrpg/internal/server/server.go:1306.2,1306.18 1 0
vtrpg/internal/server/server.go:1309.54,1316.26 6 0
vtrpg/internal/server/server.go:1316.26,1319.3 2 0
vtrpg/internal/server/server.go:1322.33,1324.2 1 44
vtrpg/internal/server/server.go:1326.45,1328.42 2 16
vtrpg/internal/server/server.go:1328.42,1330.3 1 0
vtrpg/internal/server/server.go:1331.2,1331.55 1 16
vtrpg/internal/server/server.go:1334.44,1335.44 1 25
vtrpg/internal/server/server.go:1335.44,1337.43 2 26
vtrpg/internal/server/server.go:1337.43,1339.4 1 0
vtrpg/internal/server/server.go:1340.3,1342.17 3 26
vtrpg/internal/server/server.go:1342.17,1344.4 1 0
vtrpg/internal/server/server.go:1345.3,1345.14 1 26
vtrpg/internal/server/server.go:1345.14,1347.4 1 25
vtrpg/internal/server/server.go:1349.2,1349.57 1 0
vtrpg/internal/server/server.go:1352.56,1354.102 2 26
vtrpg/internal/server/server.go:1354.102,1356.3 1 0
vtrpg/internal/server/server.go:1357.2,1357.23 1 26
vtrpg/internal/server/server.go:1360.79,1362.16 2 16
vtrpg/internal/server/server.go:1362.16,1364.3 1 0
vtrpg/internal/server/server.go:1365.2,1384.16 3 16
vtrpg/internal/server/server.go:1384.16,1386.3 1 0
vtrpg/internal/server/server.go:1388.2,1389.16 2 16
vtrpg/internal/server/server.go:1389.16,1391.3 1 0
vtrpg/internal/server/server.go:1392.2,1392.23 1 16
vtrpg/internal/server/server.go:1392.23,1395.142 2 4
vtrpg/internal/server/server.go:1395.142,1397.4 1 2
vtrpg/internal/server/server.go:1398.3,1398.31 1 2
vtrpg/internal/server/server.go:1401.2,1401.20 1 12
vtrpg/internal/server/server.go:1404.59,1408.2 3 1
vtrpg/internal/server/server.go:1417.36,1418.16 1 45
vtrpg/internal/server/server.go:1418.16,1420.3 1 0
vtrpg/internal/server/server.go:1421.2,1421.36 1 45
vtrpg/internal/server/server.go:1421.36,1423.3 1 4
vtrpg/internal/server/server.go:1424.2,1424.80 1 41
vtrpg/internal/server/server.go:1433.59,1437.2 3 2
vtrpg/internal/server/server.go:1439.73,1442.83 3 1
vtrpg/internal/server/server.go:1442.83,1444.3 1 0
vtrpg/internal/server/server.go:1445.2,1446.44 2 1
vtrpg/internal/server/server.go:1446.44,1448.16 2 0
vtrpg/internal/server/server.go:1448.16,1449.61 1 0
vtrpg/internal/server/server.go:1449.61,1451.5 1 0
vtrpg/internal/server/server.go:1454.2,1454.22 1 1
vtrpg/internal/server/server.go:1457.71,1458.33 1 0
vtrpg/internal/server/server.go:1458.33,1461.3 2 0
vtrpg/internal/server/server.go:1463.2,1464.66 2 0
vtrpg/internal/server/server.go:1464.66,1468.3 3 0
vtrpg/internal/server/server.go:1470.2,1471.16 2 0
vtrpg/internal/server/server.go:1471.16,1475.3 3 0
vtrpg/internal/server/server.go:1476.2,1481.16 5 0
vtrpg/internal/server/server.go:1481.16,1485.3 3 0
vtrpg/internal/server/server.go:1486.2,1488.46 2 0
vtrpg/internal/server/server.go:1488.46,1492.3 3 0
vtrpg/internal/server/server.go:1494.2,1496.64 3 0
vtrpg/internal/server/server.go:1499.74,1500.32 1 5
vtrpg/internal/server/server.go:1500.32,1503.3 2 0
vtrpg/internal/server/server.go:1507.2,1510.82 4 5
vtrpg/internal/server/server.go:1510.82,1512.3 1 5
vtrpg/internal/server/server.go:1513.2,1513.18 1 5
vtrpg/internal/server/server.go:1513.18,1516.3 2 0
vtrpg/internal/server/server.go:1517.2,1518.16 2 5
vtrpg/internal/server/server.go:1518.16,1522.3 3 0
vtrpg/internal/server/server.go:1523.2,1523.9 1 5
vtrpg/internal/server/server.go:1523.9,1526.3 2 1
vtrpg/internal/server/server.go:1527.2,1531.25 4 4
vtrpg/internal/server/server.go:1531.25,1534.3 2 0
vtrpg/internal/server/server.go:1536.2,1537.16 2 4
vtrpg/internal/server/server.go:1537.16,1539.3 1 1
vtrpg/internal/server/server.go:1540.2,1541.16 2 4
vtrpg/internal/server/server.go:1541.16,1543.3 1 0
vtrpg/internal/server/server.go:1544.2,1547.36 2 4
vtrpg/internal/server/server.go:1547.36,1548.27 1 2
vtrpg/internal/server/server.go:1548.27,1551.4 2 0
vtrpg/internal/server/server.go:1555.3,1556.17 2 2
vtrpg/internal/server/server.go:1556.17,1560.4 3 0
vtrpg/internal/server/server.go:1561.3,1561.53 1 2
vtrpg/internal/server/server.go:1561.53,1564.4 2 1
vtrpg/internal/server/server.go:1567.2,1567.120 1 3
vtrpg/internal/server/server.go:1567.120,1570.3 2 0
vtrpg/internal/server/server.go:1572.2,1573.15 2 3
vtrpg/internal/server/server.go:1573.15,1576.3 2 0
vtrpg/internal/server/server.go:1578.2,1584.18 3 3
vtrpg/internal/server/server.go:1584.18,1586.27 2 0
vtrpg/internal/server/server.go:1586.27,1588.4 1 0
vtrpg/internal/server/server.go:1591.2,1592.9 2 3
vtrpg/internal/server/server.go:1592.9,1595.3 2 0
vtrpg/internal/server/server.go:1597.2,1598.16 2 3
vtrpg/internal/server/server.go:1598.16,1601.3 2 2
vtrpg/internal/server/server.go:1602.2,1605.33 3 1
vtrpg/internal/server/server.go:1605.33,1607.3 1 3
vtrpg/internal/server/server.go:1608.2,1610.53 2 1
vtrpg/internal/server/server.go:1610.53,1613.3 2 0
vtrpg/internal/server/server.go:1614.2,1614.36 1 1
vtrpg/internal/server/server.go:1614.36,1617.3 2 0
vtrpg/internal/server/server.go:1619.2,1624.28 4 1
vtrpg/internal/server/server.go:1627.47,1628.17 1 3
vtrpg/internal/server/server.go:1628.17,1630.3 1 0
vtrpg/internal/server/server.go:1632.2,1633.49 2 3
vtrpg/internal/server/server.go:1633.49,1634.56 1 3
vtrpg/internal/server/server.go:1634.56,1636.4 1 3
vtrpg/internal/server/server.go:1639.2,1639.14 1 0
vtrpg/internal/server/server.go:1642.48,1646.2 3 3
vtrpg/internal/server/server.go:1648.81,1650.30 2 1
vtrpg/internal/server/server.go:1650.30,1652.3 1 1
vtrpg/internal/server/server.go:1653.2,1654.36 2 1
vtrpg/internal/server/server.go:1654.36,1656.3 1 0
vtrpg/internal/server/server.go:1657.2,1660.67 3 1
vtrpg/internal/server/server.go:1660.67,1662.3 1 0
vtrpg/internal/server/server.go:1664.2,1665.27 2 1
vtrpg/internal/server/server.go:1668.83,1671.18 3 1
vtrpg/internal/server/server.go:1671.18,1673.22 2 1
vtrpg/internal/server/server.go:1673.22,1675.4 1 1
vtrpg/internal/server/server.go:1677.2,1677.36 1 1
vtrpg/internal/server/server.go:1677.36,1678.62 1 0
vtrpg/internal/server/server.go:1678.62,1680.4 1 0
vtrpg/internal/server/server.go:1682.2,1686.20 4 1
vtrpg/internal/server/server.go:1686.20,1687.57 1 1
vtrpg/internal/server/server.go:1687.57,1689.4 1 1
vtrpg/internal/server/server.go:1690.8,1691.55 1 0
vtrpg/internal/server/server.go:1691.55,1693.4 1 0
vtrpg/internal/server/server.go:1696.2,1697.27 2 1
vtrpg/internal/server/server.go:1700.58,1701.6 1 1
vtrpg/internal/server/server.go:1701.6,1703.17 2 1
vtrpg/internal/server/server.go:1703.17,1705.4 1 1
vtrpg/internal/server/server.go:1706.3,1706.17 1 0
vtrpg/internal/server/server.go:1707.12,1709.10 2 0
vtrpg/internal/server/server.go:1710.12,1711.35 1 0
vtrpg/internal/server/server.go:1712.12,1713.46 1 0
vtrpg/internal/server/server.go:1718.73,1723.16 2 2
vtrpg/internal/server/server.go:1723.16,1726.3 2 0
vtrpg/internal/server/server.go:1727.2,1727.30 1 2
vtrpg/internal/server/server.go:1730.64,1735.16 2 0
vtrpg/internal/server/server.go:1735.16,1738.3 2 0
vtrpg/internal/server/server.go:1739.2,1739.30 1 0
vtrpg/internal/server/server.go:1742.59,1747.23 4 2
vtrpg/internal/server/server.go:1747.23,1749.3 1 1
vtrpg/internal/server/server.go:1750.2,1752.26 3 2
vtrpg/internal/server/server.go:1752.26,1753.47 1 1
vtrpg/internal/server/server.go:1753.47,1755.4 1 0
vtrpg/internal/server/server.go:1759.49,1764.35 5 2
vtrpg/internal/server/server.go:1764.35,1767.3 2 1
vtrpg/internal/server/server.go:1768.2,1776.16 3 2
vtrpg/internal/server/server.go:1776.16,1779.3 2 0
vtrpg/internal/server/server.go:1781.2,1782.26 2 2
vtrpg/internal/server/server.go:1782.26,1783.47 1 1
vtrpg/internal/server/server.go:1783.47,1785.4 1 0
vtrpg/internal/server/server.go:1789.78,1794.51 2 0
vtrpg/internal/server/server.go:1794.51,1797.3 2 0
vtrpg/internal/server/server.go:1799.2,1799.18 1 0
vtrpg/internal/server/server.go:1800.18,1802.67 2 0
vtrpg/internal/server/server.go:1802.67,1805.4 2 0
vtrpg/internal/server/server.go:1806.3,1806.20 1 0
vtrpg/internal/server/server.go:1806.20,1808.4 1 0
vtrpg/internal/server/server.go:1809.3,1809.36 1 0
vtrpg/internal/server/server.go:1809.36,1811.4 1 0
vtrpg/internal/server/server.go:1812.3,1812.43 1 0
vtrpg/internal/server/server.go:1816.77,1821.16 2 0
vtrpg/internal/server/server.go:1821.16,1824.3 2 0
vtrpg/internal/server/server.go:1825.2,1833.30 2 0
vtrpg/internal/server/server.go:1836.70,1841.16 2 0
vtrpg/internal/server/server.go:1841.16,1844.3 2 0
vtrpg/internal/server/server.go:1845.2,1845.30 1 0
vtrpg/internal/server/server.go:1848.64,1852.2 3 57
vtrpg/internal/server/storage.go:13.49,14.16 1 20
vtrpg/internal/server/storage.go:14.16,16.3 1 0
vtrpg/internal/server/storage.go:18.2,18.54 1 20
vtrpg/internal/server/storage.go:18.54,20.3 1 0
vtrpg/internal/server/storage.go:22.2,23.16 2 20
vtrpg/internal/server/storage.go:23.16,25.3 1 0
vtrpg/internal/server/storage.go:27.2,30.92 3 20
vtrpg/internal/server/storage.go:30.92,33.3 2 0
vtrpg/internal/server/storage.go:35.2,35.39 1 20
vtrpg/internal/server/storage.go:35.39,38.3 2 0
vtrpg/internal/server/storage.go:40.2,40.16 1 20
vtrpg/internal/server/storage.go:43.35,94.30 2 20
vtrpg/internal/server/storage.go:94.30,95.42 1 180
vtrpg/internal/server/storage.go:95.42,97.4 1 0
vtrpg/internal/server/storage.go:100.2,100.12 1 20
vtrpg/internal/server/storage.go:104.32,105.17 1 21
vtrpg/internal/server/storage.go:105.17,107.3 1 21
vtrpg/internal/server/storage.go:108.2,108.12 1 0
vtrpg/internal/server/websocket.go:12.62,14.6 2 0
vtrpg/internal/server/websocket.go:14.6,16.17 2 0
vtrpg/internal/server/websocket.go:16.17,17.31 1 0
vtrpg/internal/server/websocket.go:17.31,19.5 1 0
vtrpg/internal/server/websocket.go:20.4,20.10 1 0
vtrpg/internal/server/websocket.go:22.3,22.20 1 0
vtrpg/internal/server/websocket.go:22.20,25.4 2 0
vtrpg/internal/server/websocket.go:27.3,27.59 1 0
vtrpg/internal/server/websocket.go:27.59,30.4 2 0
vtrpg/internal/server/websocket.go:34.53,36.53 2 3
vtrpg/internal/server/websocket.go:36.53,38.3 1 1
vtrpg/internal/server/websocket.go:40.2,45.10 5 2
vtrpg/internal/server/websocket.go:45.10,47.3 1 0
vtrpg/internal/server/websocket.go:48.2,48.19 1 2
vtrpg/internal/server/websocket.go:48.19,50.3 1 0
vtrpg/internal/server/websocket.go:51.2,51.53 1 2
vtrpg/internal/server/websocket.go:51.54,53.3 0 2
vtrpg/internal/server/websocket.go:53.8,55.3 1 0
vtrpg/internal/server/websocket.go:57.2,57.16 1 2
vtrpg/internal/server/websocket.go:58.11,60.56 2 1
vtrpg/internal/server/websocket.go:60.56,62.4 1 0
vtrpg/internal/server/websocket.go:63.3,63.52 1 1
vtrpg/internal/server/websocket.go:64.11,66.56 2 0
vtrpg/internal/server/websocket.go:66.56,68.4 1 0
vtrpg/internal/server/websocket.go:69.3,69.52 1 0
vtrpg/internal/server/websocket.go:72.2,73.12 2 2
vtrpg/internal/server/websocket.go:73.12,75.55 2 0
vtrpg/internal/server/websocket.go:75.55,77.4 1 0
vtrpg/internal/server/websocket.go:80.2,81.54 2 2
vtrpg/internal/server/websocket.go:81.54,83.3 1 0
vtrpg/internal/server/websocket.go:85.2,85.12 1 2
vtrpg/internal/server/websocket.go:85.12,86.38 1 0
vtrpg/internal/server/websocket.go:86.38,88.4 1 0
vtrpg/internal/server/websocket.go:91.2,91.29 1 2
vtrpg/internal/server/websocket.go:94.67,99.9 4 2
vtrpg/internal/server/websocket.go:100.20,101.40 1 1
vtrpg/internal/server/websocket.go:102.24,106.34 4 1
vtrpg/internal/server/websocket.go:107.10,111.34 4 0
vtrpg/internal/server/websocket.go:114.2,114.46 1 2
vtrpg/internal/server/websocket.go:114.46,116.3 1 0
vtrpg/internal/server/websocket.go:117.2,117.47 1 2
vtrpg/internal/server/websocket.go:117.47,119.3 1 0
vtrpg/internal/server/websocket.go:120.2,120.12 1 2
vtrpg/internal/server/websocket.go:123.53,126.2 2 0
